生成启动时间为 2019/5/26 17:57:04。
     1>项目“E:\VS2010Project\1\code\code\code.vcxproj”在节点 2 上(build 个目标)。
     1>PrepareForBuild:
         正在创建目录“E:\VS2010Project\1\code\x64\Debug\”。
       InitializeBuildStatus:
         正在创建“x64\Debug\code.unsuccessfulbuild”，因为已指定“AlwaysCreate”。
       ClCompile:
         D:\VS2010\VC\bin\x86_amd64\CL.exe /c /Zi /nologo /W3 /WX- /Od /D WIN32 /D _DEBUG /D _CONSOLE /D _UNICODE /D UNICODE /Gm /EHsc /RTC1 /MDd /GS /fp:precise /Zc:wchar_t /Zc:forScope /Yc"StdAfx.h" /Fp"x64\Debug\code.pch" /Fo"x64\Debug\\" /Fd"x64\Debug\vc100.pdb" /Gd /TP /errorReport:prompt stdafx.cpp
         stdafx.cpp
         D:\VS2010\VC\bin\x86_amd64\CL.exe /c /Zi /nologo /W3 /WX- /Od /D WIN32 /D _DEBUG /D _CONSOLE /D _UNICODE /D UNICODE /Gm /EHsc /RTC1 /MDd /GS /fp:precise /Zc:wchar_t /Zc:forScope /Yu"StdAfx.h" /Fp"x64\Debug\code.pch" /Fo"x64\Debug\\" /Fd"x64\Debug\vc100.pdb" /Gd /TP /errorReport:prompt code.cpp
         code.cpp
       ManifestResourceCompile:
         C:\Program Files (x86)\Microsoft SDKs\Windows\v7.0A\bin\rc.exe /nologo /fo"x64\Debug\code.exe.embed.manifest.res" x64\Debug\code_manifest.rc 
       Link:
         D:\VS2010\VC\bin\x86_amd64\link.exe /ERRORREPORT:PROMPT /OUT:"E:\VS2010Project\1\code\x64\Debug\code.exe" /INCREMENTAL /NOLOGO kernel32.lib user32.lib gdi32.lib winspool.lib comdlg32.lib advapi32.lib shell32.lib ole32.lib oleaut32.lib uuid.lib odbc32.lib odbccp32.lib /MANIFEST /ManifestFile:"x64\Debug\code.exe.intermediate.manifest" /MANIFESTUAC:"level='asInvoker' uiAccess='false'" /DEBUG /PDB:"E:\VS2010Project\1\code\x64\Debug\code.pdb" /SUBSYSTEM:CONSOLE /TLBID:1 /DYNAMICBASE /NXCOMPAT /IMPLIB:"E:\VS2010Project\1\code\x64\Debug\code.lib" /MACHINE:X64 x64\Debug\code.exe.embed.manifest.res
         x64\Debug\code.obj
         x64\Debug\stdafx.obj
         code.vcxproj -> E:\VS2010Project\1\code\x64\Debug\code.exe
       Manifest:
         C:\Program Files (x86)\Microsoft SDKs\Windows\v7.0A\bin\mt.exe /nologo /verbose /out:"x64\Debug\code.exe.embed.manifest" /manifest x64\Debug\code.exe.intermediate.manifest
         C:\Program Files (x86)\Microsoft SDKs\Windows\v7.0A\bin\rc.exe /nologo /fo"x64\Debug\code.exe.embed.manifest.res" x64\Debug\code_manifest.rc 
       LinkEmbedManifest:
         D:\VS2010\VC\bin\x86_amd64\link.exe /ERRORREPORT:PROMPT /OUT:"E:\VS2010Project\1\code\x64\Debug\code.exe" /INCREMENTAL /NOLOGO kernel32.lib user32.lib gdi32.lib winspool.lib comdlg32.lib advapi32.lib shell32.lib ole32.lib oleaut32.lib uuid.lib odbc32.lib odbccp32.lib /MANIFEST /ManifestFile:"x64\Debug\code.exe.intermediate.manifest" /MANIFESTUAC:"level='asInvoker' uiAccess='false'" /DEBUG /PDB:"E:\VS2010Project\1\code\x64\Debug\code.pdb" /SUBSYSTEM:CONSOLE /TLBID:1 /DYNAMICBASE /NXCOMPAT /IMPLIB:"E:\VS2010Project\1\code\x64\Debug\code.lib" /MACHINE:X64 x64\Debug\code.exe.embed.manifest.res
         x64\Debug\code.obj
         x64\Debug\stdafx.obj
         code.vcxproj -> E:\VS2010Project\1\code\x64\Debug\code.exe
       FinalizeBuildStatus:
         正在删除文件“x64\Debug\code.unsuccessfulbuild”。
         正在对“x64\Debug\code.lastbuildstate”执行 Touch 任务。
     1>已完成生成项目“E:\VS2010Project\1\code\code\code.vcxproj”(build 个目标)的操作。

生成成功。

已用时间 00:00:07.25
