生成启动时间为 2019/5/26 18:40:05。
     1>项目“E:\VS2010Project\1\code\code\code.vcxproj”在节点 2 上(build 个目标)。
     1>InitializeBuildStatus:
         正在创建“Debug\code.unsuccessfulbuild”，因为已指定“AlwaysCreate”。
       ClCompile:
         所有输出均为最新。
         D:\VS2010\VC\bin\CL.exe /c /ZI /nologo /W3 /WX- /Od /Oy- /D WIN32 /D _DEBUG /D _CONSOLE /D _UNICODE /D UNICODE /Gm /EHsc /RTC1 /MDd /GS /fp:precise /Zc:wchar_t /Zc:forScope /Yu"StdAfx.h" /Fp"Debug\code.pch" /Fo"Debug\\" /Fd"Debug\vc100.pdb" /Gd /TP /analyze- /errorReport:prompt code.cpp
         code.cpp
     1>e:\vs2010project\1\code\code\code.cpp(26): warning C4101: “ID”: 未引用的局部变量
     1>e:\vs2010project\1\code\code\code.cpp(31): warning C4101: “p2”: 未引用的局部变量
     1>e:\vs2010project\1\code\code\code.cpp(32): warning C4101: “p3”: 未引用的局部变量
     1>e:\vs2010project\1\code\code\code.cpp(25): warning C4101: “ch”: 未引用的局部变量
       ManifestResourceCompile:
         所有输出均为最新。
       Link:
         D:\VS2010\VC\bin\link.exe /ERRORREPORT:PROMPT /OUT:"E:\VS2010Project\1\code\Debug\code.exe" /INCREMENTAL /NOLOGO kernel32.lib user32.lib gdi32.lib winspool.lib comdlg32.lib advapi32.lib shell32.lib ole32.lib oleaut32.lib uuid.lib odbc32.lib odbccp32.lib /MANIFEST /ManifestFile:"Debug\code.exe.intermediate.manifest" /MANIFESTUAC:"level='asInvoker' uiAccess='false'" /DEBUG /PDB:"E:\VS2010Project\1\code\Debug\code.pdb" /SUBSYSTEM:CONSOLE /TLBID:1 /DYNAMICBASE /NXCOMPAT /IMPLIB:"E:\VS2010Project\1\code\Debug\code.lib" /MACHINE:X86 Debug\code.exe.embed.manifest.res
         Debug\code.obj
         Debug\stdafx.obj
       Manifest:
         C:\Program Files (x86)\Microsoft SDKs\Windows\v7.0A\bin\mt.exe /nologo /verbose /out:"Debug\code.exe.embed.manifest" /manifest Debug\code.exe.intermediate.manifest
         所有输出均为最新。
       LinkEmbedManifest:
         所有输出均为最新。
         code.vcxproj -> E:\VS2010Project\1\code\Debug\code.exe
       FinalizeBuildStatus:
         正在删除文件“Debug\code.unsuccessfulbuild”。
         正在对“Debug\code.lastbuildstate”执行 Touch 任务。
     1>已完成生成项目“E:\VS2010Project\1\code\code\code.vcxproj”(build 个目标)的操作。

生成成功。

已用时间 00:00:12.07
